2023-07-06 10:08:24,896	[INFO]	c:\Python\enve2d\lib\site-packages\django\utils\autoreload.py(Line:266)	F:\GDrive\Programming\Python\MyProject\TekapawSoft\e2d-folder\e2dproject-django\apps\appml\sub\algo\reg_find_optimal_model.py changed, reloading.
2023-07-06 10:08:27,761	[INFO]	c:\Python\enve2d\lib\site-packages\django\utils\autoreload.py(Line:668)	Watching for file changes with StatReloader
2023-07-06 10:09:25,660	[INFO]	c:\Python\enve2d\lib\site-packages\django\utils\autoreload.py(Line:266)	F:\GDrive\Programming\Python\MyProject\TekapawSoft\e2d-folder\e2dproject-django\e2dproject\settings.py changed, reloading.
2023-07-06 10:09:27,564	[INFO]	c:\Python\enve2d\lib\site-packages\django\utils\autoreload.py(Line:668)	Watching for file changes with StatReloader
2023-07-06 10:53:17,031	[INFO]	c:\Python\enve2d\lib\site-packages\django\utils\autoreload.py(Line:668)	Watching for file changes with StatReloader
2023-07-06 10:53:30,693	[INFO]	c:\Python\enve2d\lib\site-packages\django\core\servers\basehttp.py(Line:212)	"GET / HTTP/1.1" 302 0
2023-07-06 10:53:30,728	[INFO]	c:\Python\enve2d\lib\site-packages\django\core\servers\basehttp.py(Line:212)	"GET /login HTTP/1.1" 301 0
2023-07-06 10:53:31,054	[INFO]	c:\Python\enve2d\lib\site-packages\django\core\servers\basehttp.py(Line:212)	"GET /login/ HTTP/1.1" 200 3884
2023-07-06 10:53:31,110	[INFO]	c:\Python\enve2d\lib\site-packages\django\core\servers\basehttp.py(Line:212)	"GET /static/css/style.css HTTP/1.1" 200 165
2023-07-06 10:53:31,114	[INFO]	c:\Python\enve2d\lib\site-packages\django\core\servers\basehttp.py(Line:212)	"GET /static/js/login.js HTTP/1.1" 200 731
2023-07-06 10:53:31,212	[INFO]	c:\Python\enve2d\lib\site-packages\django\core\servers\basehttp.py(Line:212)	"GET /static/icon/person-check.svg HTTP/1.1" 200 552
2023-07-06 10:53:31,222	[INFO]	c:\Python\enve2d\lib\site-packages\django\core\servers\basehttp.py(Line:212)	"GET /static/icon/key.svg HTTP/1.1" 200 631
2023-07-06 10:53:31,297	[INFO]	c:\Python\enve2d\lib\site-packages\django\core\servers\basehttp.py(Line:212)	"GET /static/image/3.jpg HTTP/1.1" 200 46055
2023-07-06 10:53:31,467	[INFO]	c:\Python\enve2d\lib\site-packages\django\core\servers\basehttp.py(Line:212)	"GET /static/image/favicon.png HTTP/1.1" 200 10743
2023-07-06 10:53:33,734	[INFO]	c:\Python\enve2d\lib\site-packages\django\core\servers\basehttp.py(Line:212)	"POST /login/ HTTP/1.1" 302 0
2023-07-06 10:53:33,755	[INFO]	c:\Python\enve2d\lib\site-packages\django\core\servers\basehttp.py(Line:212)	"GET /topview HTTP/1.1" 301 0
2023-07-06 10:53:33,772	[INFO]	c:\Python\enve2d\lib\site-packages\django\core\servers\basehttp.py(Line:212)	"GET /topview/ HTTP/1.1" 200 5835
2023-07-06 10:53:33,809	[INFO]	c:\Python\enve2d\lib\site-packages\django\core\servers\basehttp.py(Line:212)	"GET /static/js/topview.js HTTP/1.1" 200 6419
2023-07-06 10:53:36,010	[INFO]	c:\Python\enve2d\lib\site-packages\django\core\servers\basehttp.py(Line:212)	"GET /static/html/inquire_appml.html HTTP/1.1" 200 203
2023-07-06 10:53:36,023	[INFO]	F:\GDrive\Programming\Python\MyProject\TekapawSoft\e2d-folder\e2dproject-django\apps\appml\views.py(Line:29)	[views.py] ----- "/appml" sakura.suwa@example.com -----
2023-07-06 10:53:36,063	[INFO]	c:\Python\enve2d\lib\site-packages\django\core\servers\basehttp.py(Line:212)	"GET /static/js/appml.js HTTP/1.1" 200 4428
2023-07-06 10:53:36,104	[INFO]	c:\Python\enve2d\lib\site-packages\django\core\servers\basehttp.py(Line:212)	"POST /appml/ HTTP/1.1" 200 5822
2023-07-06 10:54:24,598	[INFO]	c:\Python\enve2d\lib\site-packages\django\utils\autoreload.py(Line:668)	Watching for file changes with StatReloader
2023-07-06 10:54:30,779	[INFO]	c:\Python\enve2d\lib\site-packages\django\core\servers\basehttp.py(Line:212)	"GET / HTTP/1.1" 302 0
2023-07-06 10:54:30,812	[INFO]	c:\Python\enve2d\lib\site-packages\django\core\servers\basehttp.py(Line:212)	"GET /login/ HTTP/1.1" 200 3884
2023-07-06 10:54:30,903	[INFO]	c:\Python\enve2d\lib\site-packages\django\core\servers\basehttp.py(Line:212)	"GET /static/image/1.jpg HTTP/1.1" 200 10325
2023-07-06 10:54:32,935	[INFO]	c:\Python\enve2d\lib\site-packages\django\core\servers\basehttp.py(Line:212)	"POST /login/ HTTP/1.1" 302 0
2023-07-06 10:54:32,960	[INFO]	c:\Python\enve2d\lib\site-packages\django\core\servers\basehttp.py(Line:212)	"GET /topview HTTP/1.1" 301 0
2023-07-06 10:54:32,974	[INFO]	c:\Python\enve2d\lib\site-packages\django\core\servers\basehttp.py(Line:212)	"GET /topview/ HTTP/1.1" 200 5835
2023-07-06 10:54:34,718	[INFO]	F:\GDrive\Programming\Python\MyProject\TekapawSoft\e2d-folder\e2dproject-django\apps\appml\views.py(Line:29)	[views.py] ----- "/appml" sakura.suwa@example.com -----
2023-07-06 10:54:34,806	[INFO]	c:\Python\enve2d\lib\site-packages\django\core\servers\basehttp.py(Line:212)	"POST /appml/ HTTP/1.1" 200 5768
2023-07-06 10:54:37,711	[INFO]	F:\GDrive\Programming\Python\MyProject\TekapawSoft\e2d-folder\e2dproject-django\apps\appml\views.py(Line:29)	[views.py] ----- "/appml" sakura.suwa@example.com -----
2023-07-06 10:54:50,647	[INFO]	c:\Python\enve2d\lib\site-packages\django\core\servers\basehttp.py(Line:212)	"POST /appml/ HTTP/1.1" 200 17573
2023-07-06 10:54:50,710	[INFO]	c:\Python\enve2d\lib\site-packages\django\core\servers\basehttp.py(Line:212)	"GET /static/wdir/sakura.suwa@example.com/output/1688608478_p_histogram_dilutedWines.png HTTP/1.1" 200 38464
2023-07-06 10:54:50,716	[INFO]	c:\Python\enve2d\lib\site-packages\django\core\servers\basehttp.py(Line:212)	"GET /static/wdir/sakura.suwa@example.com/output/1688608478_p_histogram_flavanoids.png HTTP/1.1" 200 40114
2023-07-06 10:54:50,759	[INFO]	c:\Python\enve2d\lib\site-packages\django\core\servers\basehttp.py(Line:212)	"GET /static/wdir/sakura.suwa@example.com/output/1688608479_p_histogram_class.png HTTP/1.1" 200 20849
2023-07-06 10:54:50,760	[INFO]	c:\Python\enve2d\lib\site-packages\django\core\servers\basehttp.py(Line:212)	"GET /static/wdir/sakura.suwa@example.com/output/1688608489_p_3DboundarySurface.png HTTP/1.1" 200 64862
2023-07-06 10:54:50,891	[INFO]	c:\Python\enve2d\lib\site-packages\django\core\servers\basehttp.py(Line:212)	"GET /static/wdir/sakura.suwa@example.com/output/1688608479_p_histogram_proline.png HTTP/1.1" 200 44643
2023-07-06 10:54:50,892	[INFO]	c:\Python\enve2d\lib\site-packages\django\core\servers\basehttp.py(Line:212)	"GET /static/wdir/sakura.suwa@example.com/output/1688608480_p_piersons_r.png HTTP/1.1" 200 31604
2023-07-06 10:54:50,968	[INFO]	c:\Python\enve2d\lib\site-packages\django\core\servers\basehttp.py(Line:212)	"GET /static/wdir/sakura.suwa@example.com/output/1688608485_p_3DscatterDiagram.png HTTP/1.1" 200 51673
2023-07-06 10:54:54,233	[INFO]	c:\Python\enve2d\lib\site-packages\django\core\servers\basehttp.py(Line:212)	"GET /logout/ HTTP/1.1" 302 0
2023-07-06 10:54:54,246	[INFO]	c:\Python\enve2d\lib\site-packages\django\core\servers\basehttp.py(Line:212)	"GET /login/ HTTP/1.1" 200 3884
2023-07-06 10:54:54,330	[INFO]	c:\Python\enve2d\lib\site-packages\django\core\servers\basehttp.py(Line:212)	"GET /static/image/2.jpg HTTP/1.1" 200 81572
2023-07-06 10:54:56,744	[INFO]	c:\Python\enve2d\lib\site-packages\django\core\servers\basehttp.py(Line:212)	"POST /login/ HTTP/1.1" 302 0
2023-07-06 10:54:56,763	[INFO]	c:\Python\enve2d\lib\site-packages\django\core\servers\basehttp.py(Line:212)	"GET /topview HTTP/1.1" 301 0
2023-07-06 10:54:56,777	[INFO]	c:\Python\enve2d\lib\site-packages\django\core\servers\basehttp.py(Line:212)	"GET /topview/ HTTP/1.1" 200 5835
2023-07-06 10:55:00,058	[INFO]	c:\Python\enve2d\lib\site-packages\django\core\servers\basehttp.py(Line:212)	"GET /logout/ HTTP/1.1" 302 0
2023-07-06 10:55:00,069	[INFO]	c:\Python\enve2d\lib\site-packages\django\core\servers\basehttp.py(Line:212)	"GET /login/ HTTP/1.1" 200 3884
2023-07-06 10:55:00,146	[INFO]	c:\Python\enve2d\lib\site-packages\django\core\servers\basehttp.py(Line:212)	"GET /static/image/5.jpg HTTP/1.1" 200 7214
2023-07-09 09:18:31,774	[INFO]	c:\Python\enve2d\lib\site-packages\django\utils\autoreload.py(Line:668)	Watching for file changes with StatReloader
2023-07-09 09:19:05,888	[INFO]	c:\Python\enve2d\lib\site-packages\django\core\servers\basehttp.py(Line:212)	"GET / HTTP/1.1" 302 0
2023-07-09 09:19:05,921	[INFO]	c:\Python\enve2d\lib\site-packages\django\core\servers\basehttp.py(Line:212)	"GET /login HTTP/1.1" 301 0
2023-07-09 09:19:05,942	[INFO]	c:\Python\enve2d\lib\site-packages\django\core\servers\basehttp.py(Line:212)	"GET /login/ HTTP/1.1" 200 3884
2023-07-09 09:19:06,000	[INFO]	c:\Python\enve2d\lib\site-packages\django\core\servers\basehttp.py(Line:212)	"GET /static/css/style.css HTTP/1.1" 200 165
2023-07-09 09:19:06,011	[INFO]	c:\Python\enve2d\lib\site-packages\django\core\servers\basehttp.py(Line:212)	"GET /static/js/login.js HTTP/1.1" 200 731
2023-07-09 09:19:06,070	[INFO]	c:\Python\enve2d\lib\site-packages\django\core\servers\basehttp.py(Line:212)	"GET /static/icon/person-check.svg HTTP/1.1" 200 552
2023-07-09 09:19:06,082	[INFO]	c:\Python\enve2d\lib\site-packages\django\core\servers\basehttp.py(Line:212)	"GET /static/icon/key.svg HTTP/1.1" 200 631
2023-07-09 09:19:06,182	[INFO]	c:\Python\enve2d\lib\site-packages\django\core\servers\basehttp.py(Line:212)	"GET /static/image/1.jpg HTTP/1.1" 200 10325
2023-07-09 09:19:06,332	[INFO]	c:\Python\enve2d\lib\site-packages\django\core\servers\basehttp.py(Line:212)	"GET /static/image/favicon.png HTTP/1.1" 200 10743
2023-07-09 09:19:08,640	[INFO]	c:\Python\enve2d\lib\site-packages\django\core\servers\basehttp.py(Line:212)	"POST /login/ HTTP/1.1" 302 0
2023-07-09 09:19:08,655	[INFO]	c:\Python\enve2d\lib\site-packages\django\core\servers\basehttp.py(Line:212)	"GET /topview HTTP/1.1" 301 0
2023-07-09 09:19:08,670	[INFO]	c:\Python\enve2d\lib\site-packages\django\core\servers\basehttp.py(Line:212)	"GET /topview/ HTTP/1.1" 200 5835
2023-07-09 09:19:08,716	[INFO]	c:\Python\enve2d\lib\site-packages\django\core\servers\basehttp.py(Line:212)	"GET /static/js/topview.js HTTP/1.1" 200 6419
2023-07-09 09:19:11,911	[INFO]	c:\Python\enve2d\lib\site-packages\django\core\servers\basehttp.py(Line:212)	"GET /static/html/inquire.html HTTP/1.1" 200 205
2023-07-09 09:19:11,925	[INFO]	F:\GDrive\Programming\Python\MyProject\TekapawSoft\e2d-folder\e2dproject-django\apps\appmain\views.py(Line:49)	[views.py] ----- "/appmain" sakura.suwa@example.com -----
2023-07-09 09:19:11,965	[INFO]	c:\Python\enve2d\lib\site-packages\django\core\servers\basehttp.py(Line:212)	"POST /appmain/ HTTP/1.1" 200 12072
2023-07-09 09:19:11,970	[INFO]	c:\Python\enve2d\lib\site-packages\django\core\servers\basehttp.py(Line:212)	"GET /static/js/appmain.js HTTP/1.1" 200 4487
2023-07-09 09:19:14,497	[INFO]	F:\GDrive\Programming\Python\MyProject\TekapawSoft\e2d-folder\e2dproject-django\apps\appmain\views.py(Line:49)	[views.py] ----- "/appmain" sakura.suwa@example.com -----
2023-07-09 09:19:14,528	[INFO]	c:\Python\enve2d\lib\site-packages\django\core\servers\basehttp.py(Line:212)	"POST /appmain/ HTTP/1.1" 200 3629
2023-07-09 09:19:18,421	[INFO]	c:\Python\enve2d\lib\site-packages\django\core\servers\basehttp.py(Line:212)	"GET /static/html/inquire_appml.html HTTP/1.1" 200 203
2023-07-09 09:19:18,430	[INFO]	F:\GDrive\Programming\Python\MyProject\TekapawSoft\e2d-folder\e2dproject-django\apps\appml\views.py(Line:29)	[views.py] ----- "/appml" sakura.suwa@example.com -----
2023-07-09 09:19:18,449	[INFO]	c:\Python\enve2d\lib\site-packages\django\core\servers\basehttp.py(Line:212)	"GET /static/js/appml.js HTTP/1.1" 200 4428
2023-07-09 09:19:18,490	[INFO]	c:\Python\enve2d\lib\site-packages\django\core\servers\basehttp.py(Line:212)	"POST /appml/ HTTP/1.1" 200 5768
2023-07-09 09:19:22,118	[INFO]	F:\GDrive\Programming\Python\MyProject\TekapawSoft\e2d-folder\e2dproject-django\apps\appml\views.py(Line:29)	[views.py] ----- "/appml" sakura.suwa@example.com -----
2023-07-09 09:19:38,184	[INFO]	c:\Python\enve2d\lib\site-packages\django\core\servers\basehttp.py(Line:212)	"POST /appml/ HTTP/1.1" 200 17573
2023-07-09 09:19:38,359	[INFO]	c:\Python\enve2d\lib\site-packages\django\core\servers\basehttp.py(Line:212)	"GET /static/wdir/sakura.suwa@example.com/output/1688861962_p_histogram_flavanoids.png HTTP/1.1" 200 40114
2023-07-09 09:19:38,359	[INFO]	c:\Python\enve2d\lib\site-packages\django\core\servers\basehttp.py(Line:212)	"GET /static/wdir/sakura.suwa@example.com/output/1688861963_p_histogram_class.png HTTP/1.1" 200 20849
2023-07-09 09:19:38,360	[INFO]	c:\Python\enve2d\lib\site-packages\django\core\servers\basehttp.py(Line:212)	"GET /static/wdir/sakura.suwa@example.com/output/1688861963_p_histogram_dilutedWines.png HTTP/1.1" 200 38464
2023-07-09 09:19:38,442	[INFO]	c:\Python\enve2d\lib\site-packages\django\core\servers\basehttp.py(Line:212)	"GET /static/wdir/sakura.suwa@example.com/output/1688861977_p_3DboundarySurface.png HTTP/1.1" 200 64862
2023-07-09 09:19:38,443	[INFO]	c:\Python\enve2d\lib\site-packages\django\core\servers\basehttp.py(Line:212)	"GET /static/wdir/sakura.suwa@example.com/output/1688861964_p_piersons_r.png HTTP/1.1" 200 31604
2023-07-09 09:19:38,480	[INFO]	c:\Python\enve2d\lib\site-packages\django\core\servers\basehttp.py(Line:212)	"GET /static/wdir/sakura.suwa@example.com/output/1688861972_p_3DscatterDiagram.png HTTP/1.1" 200 51673
2023-07-09 09:19:38,481	[INFO]	c:\Python\enve2d\lib\site-packages\django\core\servers\basehttp.py(Line:212)	"GET /static/wdir/sakura.suwa@example.com/output/1688861963_p_histogram_proline.png HTTP/1.1" 200 44643
